#-----------------------------------------------------------
# Vivado v2019.1 (64-bit)
# SW Build 2552052 on Fri May 24 14:49:42 MDT 2019
# IP Build 2548770 on Fri May 24 18:01:18 MDT 2019
# Start of session at: Thu Apr 22 16:44:00 2021
# Process ID: 14548
# Current directory: C:/Users/Jonathan/Downloads/sistemasDigitales-main/cronometroClase
# Command line: vivado.exe -gui_launcher_event rodinguilauncherevent30192 C:\Users\Jonathan\Downloads\sistemasDigitales-main\cronometroClase\cronometroClase.xpr
# Log file: C:/Users/Jonathan/Downloads/sistemasDigitales-main/cronometroClase/vivado.log
# Journal file: C:/Users/Jonathan/Downloads/sistemasDigitales-main/cronometroClase\vivado.jou
#-----------------------------------------------------------
start_gui
open_project C:/Users/Jonathan/Downloads/sistemasDigitales-main/cronometroClase/cronometroClase.xpr
INFO: [Project 1-313] Project file moved from 'C:/workspace/vivado/cronometroClase' since last save.
Scanning sources...
Finished scanning sources
CRITICAL WARNING: [Board 49-67] The board_part definition was not found for digilentinc.com:basys3:part0:1.1. This can happen sometimes when you use custom board part. You can resolve this issue by setting 'board.repoPaths' parameter, pointing to the location of custom board files. Valid board_part values can be retrieved with the 'get_board_parts' Tcl command.
INFO: [IP_Flow 19-234] Refreshing IP repositories
INFO: [IP_Flow 19-1704] No user IP repositories specified
INFO: [IP_Flow 19-2313] Loaded Vivado IP repository 'E:/Xilinx/Vivado/2019.1/data/ip'.
open_project: Time (s): cpu = 00:00:12 ; elapsed = 00:00:06 . Memory (MB): peak = 826.461 ; gain = 133.082
update_compile_order -fileset sources_1
exit
INFO: [Common 17-206] Exiting Vivado at Thu Apr 22 16:44:39 2021...
