
*** Running vivado
    with args -log cronometro.vds -m64 -product Vivado -mode batch -messageDb vivado.pb -notrace -source cronometro.tcl


****** Vivado v2019.1 (64-bit)
  **** SW Build 2552052 on Fri May 24 14:49:42 MDT 2019
  **** IP Build 2548770 on Fri May 24 18:01:18 MDT 2019
    ** Copyright 1986-2019 Xilinx, Inc. All Rights Reserved.

source cronometro.tcl -notrace
create_project: Time (s): cpu = 00:00:02 ; elapsed = 00:00:50 . Memory (MB): peak = 355.402 ; gain = 54.125
Command: synth_design -top cronometro -part xc7a35tcpg236-1
Starting synth_design
Attempting to get a license for feature 'Synthesis' and/or device 'xc7a35t'
INFO: [Common 17-349] Got license for feature 'Synthesis' and/or device 'xc7a35t'
INFO: [Device 21-403] Loading part xc7a35tcpg236-1
INFO: Launching helper process for spawning children vivado processes
<<<<<<< HEAD
INFO: Helper process launched with PID 22712 
---------------------------------------------------------------------------------
Starting RTL Elaboration : Time (s): cpu = 00:00:03 ; elapsed = 00:00:18 . Memory (MB): peak = 793.562 ; gain = 177.801
---------------------------------------------------------------------------------
INFO: [Synth 8-6157] synthesizing module 'cronometro' [D:/OneDrive - ITESO/- Semestre 4/Fundamentos de Sistemas Digitales/Practica 3/sistemasDigitales/Cronometro/Cronometro.srcs/sources_1/new/cronometro.v:22]
INFO: [Synth 8-6157] synthesizing module 'clocks' [D:/OneDrive - ITESO/- Semestre 4/Fundamentos de Sistemas Digitales/Practica 3/sistemasDigitales/Cronometro/Cronometro.srcs/sources_1/new/clocks.v:3]
INFO: [Synth 8-6155] done synthesizing module 'clocks' (1#1) [D:/OneDrive - ITESO/- Semestre 4/Fundamentos de Sistemas Digitales/Practica 3/sistemasDigitales/Cronometro/Cronometro.srcs/sources_1/new/clocks.v:3]
INFO: [Synth 8-6157] synthesizing module 'enable' [D:/OneDrive - ITESO/- Semestre 4/Fundamentos de Sistemas Digitales/Practica 3/sistemasDigitales/Cronometro/Cronometro.srcs/sources_1/new/enable.v:3]
INFO: [Synth 8-6155] done synthesizing module 'enable' (2#1) [D:/OneDrive - ITESO/- Semestre 4/Fundamentos de Sistemas Digitales/Practica 3/sistemasDigitales/Cronometro/Cronometro.srcs/sources_1/new/enable.v:3]
INFO: [Synth 8-6157] synthesizing module 'contador' [D:/OneDrive - ITESO/- Semestre 4/Fundamentos de Sistemas Digitales/Practica 3/sistemasDigitales/Cronometro/Cronometro.srcs/sources_1/new/contador.v:3]
INFO: [Synth 8-6155] done synthesizing module 'contador' (3#1) [D:/OneDrive - ITESO/- Semestre 4/Fundamentos de Sistemas Digitales/Practica 3/sistemasDigitales/Cronometro/Cronometro.srcs/sources_1/new/contador.v:3]
WARNING: [Synth 8-7023] instance 'contadorU' of module 'contador' has 8 connections declared, but only 7 given [D:/OneDrive - ITESO/- Semestre 4/Fundamentos de Sistemas Digitales/Practica 3/sistemasDigitales/Cronometro/Cronometro.srcs/sources_1/new/cronometro.v:57]
INFO: [Synth 8-6157] synthesizing module 'sieteseg' [D:/OneDrive - ITESO/- Semestre 4/Fundamentos de Sistemas Digitales/Practica 3/sistemasDigitales/Cronometro/Cronometro.srcs/sources_1/new/7seg.v:3]
INFO: [Synth 8-6155] done synthesizing module 'sieteseg' (4#1) [D:/OneDrive - ITESO/- Semestre 4/Fundamentos de Sistemas Digitales/Practica 3/sistemasDigitales/Cronometro/Cronometro.srcs/sources_1/new/7seg.v:3]
INFO: [Synth 8-6155] done synthesizing module 'cronometro' (5#1) [D:/OneDrive - ITESO/- Semestre 4/Fundamentos de Sistemas Digitales/Practica 3/sistemasDigitales/Cronometro/Cronometro.srcs/sources_1/new/cronometro.v:22]
---------------------------------------------------------------------------------
Finished RTL Elaboration : Time (s): cpu = 00:00:04 ; elapsed = 00:00:22 . Memory (MB): peak = 857.273 ; gain = 241.512
=======
INFO: Helper process launched with PID 5516 
---------------------------------------------------------------------------------
Starting RTL Elaboration : Time (s): cpu = 00:00:05 ; elapsed = 00:00:04 . Memory (MB): peak = 719.977 ; gain = 176.523
---------------------------------------------------------------------------------
INFO: [Synth 8-6157] synthesizing module 'cronometro' [C:/sistemasDigitales/Cronometro/Cronometro.srcs/sources_1/new/cronometro.v:22]
INFO: [Synth 8-6157] synthesizing module 'clocks' [C:/sistemasDigitales/Cronometro/Cronometro.srcs/sources_1/new/clocks.v:3]
INFO: [Synth 8-6155] done synthesizing module 'clocks' (1#1) [C:/sistemasDigitales/Cronometro/Cronometro.srcs/sources_1/new/clocks.v:3]
INFO: [Synth 8-6157] synthesizing module 'enable' [C:/sistemasDigitales/Cronometro/Cronometro.srcs/sources_1/new/enable.v:3]
INFO: [Synth 8-6155] done synthesizing module 'enable' (2#1) [C:/sistemasDigitales/Cronometro/Cronometro.srcs/sources_1/new/enable.v:3]
INFO: [Synth 8-6157] synthesizing module 'contador' [C:/sistemasDigitales/Cronometro/Cronometro.srcs/sources_1/new/contador.v:3]
INFO: [Synth 8-6155] done synthesizing module 'contador' (3#1) [C:/sistemasDigitales/Cronometro/Cronometro.srcs/sources_1/new/contador.v:3]
WARNING: [Synth 8-7023] instance 'contadorU' of module 'contador' has 8 connections declared, but only 7 given [C:/sistemasDigitales/Cronometro/Cronometro.srcs/sources_1/new/cronometro.v:57]
INFO: [Synth 8-6157] synthesizing module 'sieteseg' [C:/sistemasDigitales/Cronometro/Cronometro.srcs/sources_1/new/7seg.v:3]
INFO: [Synth 8-6155] done synthesizing module 'sieteseg' (4#1) [C:/sistemasDigitales/Cronometro/Cronometro.srcs/sources_1/new/7seg.v:3]
INFO: [Synth 8-6155] done synthesizing module 'cronometro' (5#1) [C:/sistemasDigitales/Cronometro/Cronometro.srcs/sources_1/new/cronometro.v:22]
---------------------------------------------------------------------------------
Finished RTL Elaboration : Time (s): cpu = 00:00:06 ; elapsed = 00:00:06 . Memory (MB): peak = 782.855 ; gain = 239.402
>>>>>>> main
---------------------------------------------------------------------------------

Report Check Netlist: 
+------+------------------+-------+---------+-------+------------------+
|      |Item              |Errors |Warnings |Status |Description       |
+------+------------------+-------+---------+-------+------------------+
|1     |multi_driven_nets |      0|        0|Passed |Multi driven nets |
+------+------------------+-------+---------+-------+------------------+
---------------------------------------------------------------------------------
Start Handling Custom Attributes
---------------------------------------------------------------------------------
---------------------------------------------------------------------------------
<<<<<<< HEAD
Finished Handling Custom Attributes : Time (s): cpu = 00:00:04 ; elapsed = 00:00:23 . Memory (MB): peak = 857.273 ; gain = 241.512
---------------------------------------------------------------------------------
---------------------------------------------------------------------------------
Finished RTL Optimization Phase 1 : Time (s): cpu = 00:00:04 ; elapsed = 00:00:23 . Memory (MB): peak = 857.273 ; gain = 241.512
=======
Finished Handling Custom Attributes : Time (s): cpu = 00:00:06 ; elapsed = 00:00:06 . Memory (MB): peak = 782.855 ; gain = 239.402
---------------------------------------------------------------------------------
---------------------------------------------------------------------------------
Finished RTL Optimization Phase 1 : Time (s): cpu = 00:00:06 ; elapsed = 00:00:06 . Memory (MB): peak = 782.855 ; gain = 239.402
>>>>>>> main
---------------------------------------------------------------------------------
INFO: [Project 1-570] Preparing netlist for logic optimization

Processing XDC Constraints
Initializing timing engine
<<<<<<< HEAD
Parsing XDC File [D:/OneDrive - ITESO/- Semestre 4/Fundamentos de Sistemas Digitales/Practica 3/sistemasDigitales/Cronometro/Cronometro.srcs/constrs_1/new/Basys3.xdc]
WARNING: [Vivado 12-584] No ports matched 'rst'. [D:/OneDrive - ITESO/- Semestre 4/Fundamentos de Sistemas Digitales/Practica 3/sistemasDigitales/Cronometro/Cronometro.srcs/constrs_1/new/Basys3.xdc:13]
CRITICAL WARNING: [Common 17-55] 'set_property' expects at least one object. [D:/OneDrive - ITESO/- Semestre 4/Fundamentos de Sistemas Digitales/Practica 3/sistemasDigitales/Cronometro/Cronometro.srcs/constrs_1/new/Basys3.xdc:13]
Resolution: If [get_<value>] was used to populate the object, check to make sure this command returns at least one valid object.
WARNING: [Vivado 12-584] No ports matched 'rst'. [D:/OneDrive - ITESO/- Semestre 4/Fundamentos de Sistemas Digitales/Practica 3/sistemasDigitales/Cronometro/Cronometro.srcs/constrs_1/new/Basys3.xdc:14]
CRITICAL WARNING: [Common 17-55] 'set_property' expects at least one object. [D:/OneDrive - ITESO/- Semestre 4/Fundamentos de Sistemas Digitales/Practica 3/sistemasDigitales/Cronometro/Cronometro.srcs/constrs_1/new/Basys3.xdc:14]
Resolution: If [get_<value>] was used to populate the object, check to make sure this command returns at least one valid object.
WARNING: [Vivado 12-584] No ports matched 'rst'. [D:/OneDrive - ITESO/- Semestre 4/Fundamentos de Sistemas Digitales/Practica 3/sistemasDigitales/Cronometro/Cronometro.srcs/constrs_1/new/Basys3.xdc:122]
CRITICAL WARNING: [Common 17-55] 'set_property' expects at least one object. [D:/OneDrive - ITESO/- Semestre 4/Fundamentos de Sistemas Digitales/Practica 3/sistemasDigitales/Cronometro/Cronometro.srcs/constrs_1/new/Basys3.xdc:122]
Resolution: If [get_<value>] was used to populate the object, check to make sure this command returns at least one valid object.
WARNING: [Vivado 12-584] No ports matched 'rst'. [D:/OneDrive - ITESO/- Semestre 4/Fundamentos de Sistemas Digitales/Practica 3/sistemasDigitales/Cronometro/Cronometro.srcs/constrs_1/new/Basys3.xdc:123]
CRITICAL WARNING: [Common 17-55] 'set_property' expects at least one object. [D:/OneDrive - ITESO/- Semestre 4/Fundamentos de Sistemas Digitales/Practica 3/sistemasDigitales/Cronometro/Cronometro.srcs/constrs_1/new/Basys3.xdc:123]
Resolution: If [get_<value>] was used to populate the object, check to make sure this command returns at least one valid object.
Finished Parsing XDC File [D:/OneDrive - ITESO/- Semestre 4/Fundamentos de Sistemas Digitales/Practica 3/sistemasDigitales/Cronometro/Cronometro.srcs/constrs_1/new/Basys3.xdc]
INFO: [Project 1-236] Implementation specific constraints were found while reading constraint file [D:/OneDrive - ITESO/- Semestre 4/Fundamentos de Sistemas Digitales/Practica 3/sistemasDigitales/Cronometro/Cronometro.srcs/constrs_1/new/Basys3.xdc]. These constraints will be ignored for synthesis but will be used in implementation. Impacted constraints are listed in the file [.Xil/cronometro_propImpl.xdc].
Resolution: To avoid this warning, move constraints listed in [.Xil/cronometro_propImpl.xdc] to another XDC file and exclude this new file from synthesis with the used_in_synthesis property (File Properties dialog in GUI) and re-run elaboration/synthesis.
Completed Processing XDC Constraints

Netlist sorting complete. Time (s): cpu = 00:00:00 ; elapsed = 00:00:00 . Memory (MB): peak = 969.734 ; gain = 0.000
INFO: [Project 1-111] Unisim Transformation Summary:
No Unisim elements were transformed.

Constraint Validation Runtime : Time (s): cpu = 00:00:00 ; elapsed = 00:00:01 . Memory (MB): peak = 969.734 ; gain = 0.000
---------------------------------------------------------------------------------
Finished Constraint Validation : Time (s): cpu = 00:00:11 ; elapsed = 00:01:31 . Memory (MB): peak = 969.734 ; gain = 353.973
=======
Parsing XDC File [C:/sistemasDigitales/Cronometro/Cronometro.srcs/constrs_1/new/Basys3.xdc]
WARNING: [Vivado 12-584] No ports matched 'rst'. [C:/sistemasDigitales/Cronometro/Cronometro.srcs/constrs_1/new/Basys3.xdc:13]
CRITICAL WARNING: [Common 17-55] 'set_property' expects at least one object. [C:/sistemasDigitales/Cronometro/Cronometro.srcs/constrs_1/new/Basys3.xdc:13]
Resolution: If [get_<value>] was used to populate the object, check to make sure this command returns at least one valid object.
WARNING: [Vivado 12-584] No ports matched 'rst'. [C:/sistemasDigitales/Cronometro/Cronometro.srcs/constrs_1/new/Basys3.xdc:14]
CRITICAL WARNING: [Common 17-55] 'set_property' expects at least one object. [C:/sistemasDigitales/Cronometro/Cronometro.srcs/constrs_1/new/Basys3.xdc:14]
Resolution: If [get_<value>] was used to populate the object, check to make sure this command returns at least one valid object.
WARNING: [Vivado 12-584] No ports matched 'rst'. [C:/sistemasDigitales/Cronometro/Cronometro.srcs/constrs_1/new/Basys3.xdc:122]
CRITICAL WARNING: [Common 17-55] 'set_property' expects at least one object. [C:/sistemasDigitales/Cronometro/Cronometro.srcs/constrs_1/new/Basys3.xdc:122]
Resolution: If [get_<value>] was used to populate the object, check to make sure this command returns at least one valid object.
WARNING: [Vivado 12-584] No ports matched 'rst'. [C:/sistemasDigitales/Cronometro/Cronometro.srcs/constrs_1/new/Basys3.xdc:123]
CRITICAL WARNING: [Common 17-55] 'set_property' expects at least one object. [C:/sistemasDigitales/Cronometro/Cronometro.srcs/constrs_1/new/Basys3.xdc:123]
Resolution: If [get_<value>] was used to populate the object, check to make sure this command returns at least one valid object.
Finished Parsing XDC File [C:/sistemasDigitales/Cronometro/Cronometro.srcs/constrs_1/new/Basys3.xdc]
INFO: [Project 1-236] Implementation specific constraints were found while reading constraint file [C:/sistemasDigitales/Cronometro/Cronometro.srcs/constrs_1/new/Basys3.xdc]. These constraints will be ignored for synthesis but will be used in implementation. Impacted constraints are listed in the file [.Xil/cronometro_propImpl.xdc].
Resolution: To avoid this warning, move constraints listed in [.Xil/cronometro_propImpl.xdc] to another XDC file and exclude this new file from synthesis with the used_in_synthesis property (File Properties dialog in GUI) and re-run elaboration/synthesis.
Completed Processing XDC Constraints

Netlist sorting complete. Time (s): cpu = 00:00:00 ; elapsed = 00:00:00 . Memory (MB): peak = 896.746 ; gain = 0.000
INFO: [Project 1-111] Unisim Transformation Summary:
No Unisim elements were transformed.

Constraint Validation Runtime : Time (s): cpu = 00:00:00 ; elapsed = 00:00:00.003 . Memory (MB): peak = 896.746 ; gain = 0.000
---------------------------------------------------------------------------------
Finished Constraint Validation : Time (s): cpu = 00:00:13 ; elapsed = 00:00:13 . Memory (MB): peak = 896.746 ; gain = 353.293
>>>>>>> main
---------------------------------------------------------------------------------
---------------------------------------------------------------------------------
Start Loading Part and Timing Information
---------------------------------------------------------------------------------
Loading part: xc7a35tcpg236-1
---------------------------------------------------------------------------------
<<<<<<< HEAD
Finished Loading Part and Timing Information : Time (s): cpu = 00:00:11 ; elapsed = 00:01:31 . Memory (MB): peak = 969.734 ; gain = 353.973
=======
Finished Loading Part and Timing Information : Time (s): cpu = 00:00:13 ; elapsed = 00:00:13 . Memory (MB): peak = 896.746 ; gain = 353.293
>>>>>>> main
---------------------------------------------------------------------------------
---------------------------------------------------------------------------------
Start Applying 'set_property' XDC Constraints
---------------------------------------------------------------------------------
---------------------------------------------------------------------------------
<<<<<<< HEAD
Finished applying 'set_property' XDC Constraints : Time (s): cpu = 00:00:11 ; elapsed = 00:01:31 . Memory (MB): peak = 969.734 ; gain = 353.973
---------------------------------------------------------------------------------
---------------------------------------------------------------------------------
Finished RTL Optimization Phase 2 : Time (s): cpu = 00:00:11 ; elapsed = 00:01:31 . Memory (MB): peak = 969.734 ; gain = 353.973
=======
Finished applying 'set_property' XDC Constraints : Time (s): cpu = 00:00:13 ; elapsed = 00:00:13 . Memory (MB): peak = 896.746 ; gain = 353.293
---------------------------------------------------------------------------------
---------------------------------------------------------------------------------
Finished RTL Optimization Phase 2 : Time (s): cpu = 00:00:13 ; elapsed = 00:00:13 . Memory (MB): peak = 896.746 ; gain = 353.293
>>>>>>> main
---------------------------------------------------------------------------------

Report RTL Partitions: 
+-+--------------+------------+----------+
| |RTL Partition |Replication |Instances |
+-+--------------+------------+----------+
+-+--------------+------------+----------+
---------------------------------------------------------------------------------
Start RTL Component Statistics 
---------------------------------------------------------------------------------
Detailed RTL Component Info : 
+---Adders : 
	   2 Input      4 Bit       Adders := 4     
+---Registers : 
	                4 Bit    Registers := 5     
	                1 Bit    Registers := 6     
+---Muxes : 
	   2 Input      4 Bit        Muxes := 4     
	   5 Input      4 Bit        Muxes := 1     
	   2 Input      1 Bit        Muxes := 5     
---------------------------------------------------------------------------------
Finished RTL Component Statistics 
---------------------------------------------------------------------------------
---------------------------------------------------------------------------------
Start RTL Hierarchical Component Statistics 
---------------------------------------------------------------------------------
Hierarchical RTL Component report 
Module cronometro 
Detailed RTL Component Info : 
+---Muxes : 
	   5 Input      4 Bit        Muxes := 1     
Module clocks 
Detailed RTL Component Info : 
+---Registers : 
	                1 Bit    Registers := 2     
Module enable 
Detailed RTL Component Info : 
+---Registers : 
	                4 Bit    Registers := 1     
Module contador 
Detailed RTL Component Info : 
+---Adders : 
	   2 Input      4 Bit       Adders := 4     
+---Registers : 
	                4 Bit    Registers := 4     
	                1 Bit    Registers := 4     
+---Muxes : 
	   2 Input      4 Bit        Muxes := 4     
	   2 Input      1 Bit        Muxes := 5     
---------------------------------------------------------------------------------
Finished RTL Hierarchical Component Statistics
---------------------------------------------------------------------------------
---------------------------------------------------------------------------------
Start Part Resource Summary
---------------------------------------------------------------------------------
Part Resources:
DSPs: 90 (col length:60)
BRAMs: 100 (col length: RAMB18 60 RAMB36 30)
---------------------------------------------------------------------------------
Finished Part Resource Summary
---------------------------------------------------------------------------------
---------------------------------------------------------------------------------
Start Cross Boundary and Area Optimization
---------------------------------------------------------------------------------
Warning: Parallel synthesis criteria is not met 
WARNING: [Synth 8-3917] design cronometro has port dp driven by constant 1
---------------------------------------------------------------------------------
<<<<<<< HEAD
Finished Cross Boundary and Area Optimization : Time (s): cpu = 00:00:13 ; elapsed = 00:01:36 . Memory (MB): peak = 969.734 ; gain = 353.973
=======
Finished Cross Boundary and Area Optimization : Time (s): cpu = 00:00:14 ; elapsed = 00:00:15 . Memory (MB): peak = 896.746 ; gain = 353.293
>>>>>>> main
---------------------------------------------------------------------------------

Report RTL Partitions: 
+-+--------------+------------+----------+
| |RTL Partition |Replication |Instances |
+-+--------------+------------+----------+
+-+--------------+------------+----------+
---------------------------------------------------------------------------------
Start Applying XDC Timing Constraints
---------------------------------------------------------------------------------
---------------------------------------------------------------------------------
<<<<<<< HEAD
Finished Applying XDC Timing Constraints : Time (s): cpu = 00:00:22 ; elapsed = 00:01:48 . Memory (MB): peak = 969.734 ; gain = 353.973
=======
Finished Applying XDC Timing Constraints : Time (s): cpu = 00:00:23 ; elapsed = 00:00:24 . Memory (MB): peak = 896.746 ; gain = 353.293
>>>>>>> main
---------------------------------------------------------------------------------
---------------------------------------------------------------------------------
Start Timing Optimization
---------------------------------------------------------------------------------
---------------------------------------------------------------------------------
<<<<<<< HEAD
Finished Timing Optimization : Time (s): cpu = 00:00:22 ; elapsed = 00:01:48 . Memory (MB): peak = 969.734 ; gain = 353.973
=======
Finished Timing Optimization : Time (s): cpu = 00:00:23 ; elapsed = 00:00:24 . Memory (MB): peak = 896.746 ; gain = 353.293
>>>>>>> main
---------------------------------------------------------------------------------

Report RTL Partitions: 
+-+--------------+------------+----------+
| |RTL Partition |Replication |Instances |
+-+--------------+------------+----------+
+-+--------------+------------+----------+
---------------------------------------------------------------------------------
Start Technology Mapping
---------------------------------------------------------------------------------
---------------------------------------------------------------------------------
<<<<<<< HEAD
Finished Technology Mapping : Time (s): cpu = 00:00:22 ; elapsed = 00:01:48 . Memory (MB): peak = 973.949 ; gain = 358.188
=======
Finished Technology Mapping : Time (s): cpu = 00:00:23 ; elapsed = 00:00:24 . Memory (MB): peak = 896.746 ; gain = 353.293
>>>>>>> main
---------------------------------------------------------------------------------

Report RTL Partitions: 
+-+--------------+------------+----------+
| |RTL Partition |Replication |Instances |
+-+--------------+------------+----------+
+-+--------------+------------+----------+
---------------------------------------------------------------------------------
Start IO Insertion
---------------------------------------------------------------------------------
---------------------------------------------------------------------------------
Start Flattening Before IO Insertion
---------------------------------------------------------------------------------
---------------------------------------------------------------------------------
Finished Flattening Before IO Insertion
---------------------------------------------------------------------------------
---------------------------------------------------------------------------------
Start Final Netlist Cleanup
---------------------------------------------------------------------------------
---------------------------------------------------------------------------------
Finished Final Netlist Cleanup
---------------------------------------------------------------------------------
---------------------------------------------------------------------------------
<<<<<<< HEAD
Finished IO Insertion : Time (s): cpu = 00:00:24 ; elapsed = 00:01:51 . Memory (MB): peak = 979.723 ; gain = 363.961
=======
Finished IO Insertion : Time (s): cpu = 00:00:26 ; elapsed = 00:00:27 . Memory (MB): peak = 902.566 ; gain = 359.113
>>>>>>> main
---------------------------------------------------------------------------------

Report Check Netlist: 
+------+------------------+-------+---------+-------+------------------+
|      |Item              |Errors |Warnings |Status |Description       |
+------+------------------+-------+---------+-------+------------------+
|1     |multi_driven_nets |      0|        0|Passed |Multi driven nets |
+------+------------------+-------+---------+-------+------------------+
---------------------------------------------------------------------------------
Start Renaming Generated Instances
---------------------------------------------------------------------------------
---------------------------------------------------------------------------------
<<<<<<< HEAD
Finished Renaming Generated Instances : Time (s): cpu = 00:00:24 ; elapsed = 00:01:51 . Memory (MB): peak = 979.723 ; gain = 363.961
=======
Finished Renaming Generated Instances : Time (s): cpu = 00:00:26 ; elapsed = 00:00:27 . Memory (MB): peak = 902.566 ; gain = 359.113
>>>>>>> main
---------------------------------------------------------------------------------

Report RTL Partitions: 
+-+--------------+------------+----------+
| |RTL Partition |Replication |Instances |
+-+--------------+------------+----------+
+-+--------------+------------+----------+
---------------------------------------------------------------------------------
Start Rebuilding User Hierarchy
---------------------------------------------------------------------------------
---------------------------------------------------------------------------------
<<<<<<< HEAD
Finished Rebuilding User Hierarchy : Time (s): cpu = 00:00:24 ; elapsed = 00:01:51 . Memory (MB): peak = 979.723 ; gain = 363.961
=======
Finished Rebuilding User Hierarchy : Time (s): cpu = 00:00:26 ; elapsed = 00:00:27 . Memory (MB): peak = 902.566 ; gain = 359.113
>>>>>>> main
---------------------------------------------------------------------------------
---------------------------------------------------------------------------------
Start Renaming Generated Ports
---------------------------------------------------------------------------------
---------------------------------------------------------------------------------
<<<<<<< HEAD
Finished Renaming Generated Ports : Time (s): cpu = 00:00:24 ; elapsed = 00:01:51 . Memory (MB): peak = 979.723 ; gain = 363.961
=======
Finished Renaming Generated Ports : Time (s): cpu = 00:00:26 ; elapsed = 00:00:27 . Memory (MB): peak = 902.566 ; gain = 359.113
>>>>>>> main
---------------------------------------------------------------------------------
---------------------------------------------------------------------------------
Start Handling Custom Attributes
---------------------------------------------------------------------------------
---------------------------------------------------------------------------------
<<<<<<< HEAD
Finished Handling Custom Attributes : Time (s): cpu = 00:00:24 ; elapsed = 00:01:51 . Memory (MB): peak = 979.723 ; gain = 363.961
=======
Finished Handling Custom Attributes : Time (s): cpu = 00:00:26 ; elapsed = 00:00:27 . Memory (MB): peak = 902.566 ; gain = 359.113
>>>>>>> main
---------------------------------------------------------------------------------
---------------------------------------------------------------------------------
Start Renaming Generated Nets
---------------------------------------------------------------------------------
---------------------------------------------------------------------------------
<<<<<<< HEAD
Finished Renaming Generated Nets : Time (s): cpu = 00:00:24 ; elapsed = 00:01:51 . Memory (MB): peak = 979.723 ; gain = 363.961
=======
Finished Renaming Generated Nets : Time (s): cpu = 00:00:26 ; elapsed = 00:00:27 . Memory (MB): peak = 902.566 ; gain = 359.113
>>>>>>> main
---------------------------------------------------------------------------------
---------------------------------------------------------------------------------
Start Writing Synthesis Report
---------------------------------------------------------------------------------

Report BlackBoxes: 
+-+--------------+----------+
| |BlackBox name |Instances |
+-+--------------+----------+
+-+--------------+----------+

Report Cell Usage: 
+------+-------+------+
|      |Cell   |Count |
+------+-------+------+
|1     |BUFG   |     1|
|2     |CARRY4 |     9|
|3     |LUT1   |     7|
|4     |LUT2   |     2|
|5     |LUT3   |     6|
|6     |LUT4   |    27|
|7     |LUT5   |     3|
|8     |LUT6   |     7|
|9     |MUXF7  |     4|
|10    |FDRE   |    59|
|11    |IBUF   |     3|
|12    |OBUF   |    12|
+------+-------+------+

Report Instance Areas: 
+------+------------+---------+------+
|      |Instance    |Module   |Cells |
+------+------------+---------+------+
|1     |top         |         |   140|
|2     |  clocksU   |clocks   |    55|
|3     |  contadorU |contador |    50|
|4     |  enableU   |enable   |    19|
+------+------------+---------+------+
---------------------------------------------------------------------------------
<<<<<<< HEAD
Finished Writing Synthesis Report : Time (s): cpu = 00:00:24 ; elapsed = 00:01:51 . Memory (MB): peak = 979.723 ; gain = 363.961
---------------------------------------------------------------------------------
Synthesis finished with 0 errors, 0 critical warnings and 1 warnings.
Synthesis Optimization Runtime : Time (s): cpu = 00:00:17 ; elapsed = 00:00:47 . Memory (MB): peak = 979.723 ; gain = 251.500
Synthesis Optimization Complete : Time (s): cpu = 00:00:24 ; elapsed = 00:01:51 . Memory (MB): peak = 979.723 ; gain = 363.961
=======
Finished Writing Synthesis Report : Time (s): cpu = 00:00:26 ; elapsed = 00:00:27 . Memory (MB): peak = 902.566 ; gain = 359.113
---------------------------------------------------------------------------------
Synthesis finished with 0 errors, 0 critical warnings and 1 warnings.
Synthesis Optimization Runtime : Time (s): cpu = 00:00:17 ; elapsed = 00:00:24 . Memory (MB): peak = 902.566 ; gain = 245.223
Synthesis Optimization Complete : Time (s): cpu = 00:00:26 ; elapsed = 00:00:27 . Memory (MB): peak = 902.566 ; gain = 359.113
>>>>>>> main
INFO: [Project 1-571] Translating synthesized netlist
INFO: [Netlist 29-17] Analyzing 13 Unisim elements for replacement
INFO: [Netlist 29-28] Unisim Transformation completed in 0 CPU seconds
INFO: [Project 1-570] Preparing netlist for logic optimization
INFO: [Opt 31-138] Pushed 0 inverter(s) to 0 load pin(s).
<<<<<<< HEAD
Netlist sorting complete. Time (s): cpu = 00:00:00 ; elapsed = 00:00:00 . Memory (MB): peak = 996.164 ; gain = 0.000
=======
Netlist sorting complete. Time (s): cpu = 00:00:00 ; elapsed = 00:00:00 . Memory (MB): peak = 914.004 ; gain = 0.000
>>>>>>> main
INFO: [Project 1-111] Unisim Transformation Summary:
No Unisim elements were transformed.

INFO: [Common 17-83] Releasing license: Synthesis
22 Infos, 6 Warnings, 4 Critical Warnings and 0 Errors encountered.
synth_design completed successfully
<<<<<<< HEAD
synth_design: Time (s): cpu = 00:00:30 ; elapsed = 00:03:04 . Memory (MB): peak = 996.164 ; gain = 640.762
Netlist sorting complete. Time (s): cpu = 00:00:00 ; elapsed = 00:00:00.001 . Memory (MB): peak = 996.164 ; gain = 0.000
WARNING: [Constraints 18-5210] No constraints selected for write.
Resolution: This message can indicate that there are no constraints for the design, or it can indicate that the used_in flags are set such that the constraints are ignored. This later case is used when running synth_design to not write synthesis constraints to the resulting checkpoint. Instead, project constraints are read when the synthesized design is opened.
INFO: [Common 17-1381] The checkpoint 'D:/OneDrive - ITESO/- Semestre 4/Fundamentos de Sistemas Digitales/Practica 3/sistemasDigitales/Cronometro/Cronometro.runs/synth_1/cronometro.dcp' has been generated.
INFO: [runtcl-4] Executing : report_utilization -file cronometro_utilization_synth.rpt -pb cronometro_utilization_synth.pb
INFO: [Common 17-206] Exiting Vivado at Wed Apr 28 09:30:39 2021...
=======
synth_design: Time (s): cpu = 00:00:31 ; elapsed = 00:00:33 . Memory (MB): peak = 914.004 ; gain = 622.883
Netlist sorting complete. Time (s): cpu = 00:00:00 ; elapsed = 00:00:00 . Memory (MB): peak = 914.004 ; gain = 0.000
WARNING: [Constraints 18-5210] No constraints selected for write.
Resolution: This message can indicate that there are no constraints for the design, or it can indicate that the used_in flags are set such that the constraints are ignored. This later case is used when running synth_design to not write synthesis constraints to the resulting checkpoint. Instead, project constraints are read when the synthesized design is opened.
INFO: [Common 17-1381] The checkpoint 'C:/sistemasDigitales/Cronometro/Cronometro.runs/synth_1/cronometro.dcp' has been generated.
INFO: [runtcl-4] Executing : report_utilization -file cronometro_utilization_synth.rpt -pb cronometro_utilization_synth.pb
INFO: [Common 17-206] Exiting Vivado at Fri Apr 23 18:36:53 2021...
>>>>>>> main
