#-----------------------------------------------------------
# Vivado v2019.1 (64-bit)
# SW Build 2552052 on Fri May 24 14:49:42 MDT 2019
# IP Build 2548770 on Fri May 24 18:01:18 MDT 2019
# Start of session at: Tue Apr 20 13:22:09 2021
# Process ID: 11364
# Current directory: D:/OneDrive - ITESO/- Semestre 4/Fundamentos de Sistemas Digitales/Practica 3/sistemasDigitales/Cronometro
# Command line: vivado.exe -gui_launcher_event rodinguilauncherevent22144 D:\OneDrive - ITESO\- Semestre 4\Fundamentos de Sistemas Digitales\Practica 3\sistemasDigitales\Cronometro\Cronometro.xpr
# Log file: D:/OneDrive - ITESO/- Semestre 4/Fundamentos de Sistemas Digitales/Practica 3/sistemasDigitales/Cronometro/vivado.log
# Journal file: D:/OneDrive - ITESO/- Semestre 4/Fundamentos de Sistemas Digitales/Practica 3/sistemasDigitales/Cronometro\vivado.jou
#-----------------------------------------------------------
start_gui
open_project {D:/OneDrive - ITESO/- Semestre 4/Fundamentos de Sistemas Digitales/Practica 3/sistemasDigitales/Cronometro/Cronometro.xpr}
INFO: [ProjectBase 1-489] The host OS only allows 260 characters in a normal path. The project is stored in a path with more than 80 characters. If you experience issues with IP, Block Designs, or files not being found, please consider moving the project to a location with a shorter path. Alternately consider using the OS subst command to map part of the path to a drive letter.
Current project path is 'D:/OneDrive - ITESO/- Semestre 4/Fundamentos de Sistemas Digitales/Practica 3/sistemasDigitales/Cronometro'
INFO: [Project 1-313] Project file moved from 'D:/OneDrive - ITESO/- Semestre 4/Fundamentos de Sistemas Digitales/Practica 3/Cronometro' since last save.
Scanning sources...
Finished scanning sources
INFO: [IP_Flow 19-234] Refreshing IP repositories
INFO: [IP_Flow 19-1704] No user IP repositories specified
INFO: [IP_Flow 19-2313] Loaded Vivado IP repository 'E:/Xilinx/Vivado/2019.1/data/ip'.
open_project: Time (s): cpu = 00:00:13 ; elapsed = 00:00:06 . Memory (MB): peak = 811.801 ; gain = 119.402
update_compile_order -fileset sources_1
reset_run synth_1
launch_runs impl_1 -to_step write_bitstream -jobs 16
[Tue Apr 20 13:23:24 2021] Launched synth_1...
Run output will be captured here: D:/OneDrive - ITESO/- Semestre 4/Fundamentos de Sistemas Digitales/Practica 3/sistemasDigitales/Cronometro/Cronometro.runs/synth_1/runme.log
[Tue Apr 20 13:23:24 2021] Launched impl_1...
Run output will be captured here: D:/OneDrive - ITESO/- Semestre 4/Fundamentos de Sistemas Digitales/Practica 3/sistemasDigitales/Cronometro/Cronometro.runs/impl_1/runme.log
open_hw
connect_hw_server
INFO: [Labtools 27-2285] Connecting to hw_server url TCP:localhost:3121
INFO: [Labtools 27-2222] Launching hw_server...
INFO: [Labtools 27-2221] Launch Output:

****** Xilinx hw_server v2019.1
  **** Build date : May 24 2019 at 15:13:31
    ** Copyright 1986-2019 Xilinx, Inc. All Rights Reserved.


connect_hw_server: Time (s): cpu = 00:00:01 ; elapsed = 00:00:08 . Memory (MB): peak = 904.906 ; gain = 14.648
open_hw_target
INFO: [Labtoolstcl 44-466] Opening hw_target localhost:3121/xilinx_tcf/Digilent/210183AF2DD1A
set_property PROGRAM.FILE {D:/OneDrive - ITESO/- Semestre 4/Fundamentos de Sistemas Digitales/Practica 3/sistemasDigitales/Cronometro/Cronometro.runs/impl_1/conometro.bit} [get_hw_devices xc7a35t_0]
current_hw_device [get_hw_devices xc7a35t_0]
refresh_hw_device -update_hw_probes false [lindex [get_hw_devices xc7a35t_0] 0]
