#-----------------------------------------------------------
# Vivado v2019.1 (64-bit)
# SW Build 2552052 on Fri May 24 14:49:42 MDT 2019
# IP Build 2548770 on Fri May 24 18:01:18 MDT 2019
# Start of session at: Thu Apr 22 16:44:44 2021
# Process ID: 4892
# Current directory: C:/Users/Jonathan/Downloads/sistemasDigitales-main/Cronometro
# Command line: vivado.exe -gui_launcher_event rodinguilauncherevent27296 C:\Users\Jonathan\Downloads\sistemasDigitales-main\Cronometro\Cronometro.xpr
# Log file: C:/Users/Jonathan/Downloads/sistemasDigitales-main/Cronometro/vivado.log
# Journal file: C:/Users/Jonathan/Downloads/sistemasDigitales-main/Cronometro\vivado.jou
#-----------------------------------------------------------
start_gui
open_project C:/Users/Jonathan/Downloads/sistemasDigitales-main/Cronometro/Cronometro.xpr
INFO: [Project 1-313] Project file moved from 'C:/sistemasDigitales/Cronometro' since last save.
Scanning sources...
Finished scanning sources
INFO: [filemgmt 56-1] Board Part Repository Path: Directory not found as 'C:/Users/Jonathan/Downloads/Users/Jonathan/AppData/Roaming/Xilinx/Vivado/2019.1/xhub/board_store'; using path 'C:/Users/Jonathan/AppData/Roaming/Xilinx/Vivado/2019.1/xhub/board_store' instead.
INFO: [IP_Flow 19-234] Refreshing IP repositories
INFO: [IP_Flow 19-1704] No user IP repositories specified
INFO: [IP_Flow 19-2313] Loaded Vivado IP repository 'E:/Xilinx/Vivado/2019.1/data/ip'.
open_project: Time (s): cpu = 00:00:15 ; elapsed = 00:00:06 . Memory (MB): peak = 833.465 ; gain = 160.629
update_compile_order -fileset sources_1
reset_run synth_1
launch_runs impl_1 -to_step write_bitstream -jobs 16
[Thu Apr 22 16:46:04 2021] Launched synth_1...
Run output will be captured here: C:/Users/Jonathan/Downloads/sistemasDigitales-main/Cronometro/Cronometro.runs/synth_1/runme.log
[Thu Apr 22 16:46:04 2021] Launched impl_1...
Run output will be captured here: C:/Users/Jonathan/Downloads/sistemasDigitales-main/Cronometro/Cronometro.runs/impl_1/runme.log
exit
INFO: [Common 17-206] Exiting Vivado at Thu Apr 22 16:48:11 2021...
