#-----------------------------------------------------------
# Vivado v2019.1 (64-bit)
# SW Build 2552052 on Fri May 24 14:49:42 MDT 2019
# IP Build 2548770 on Fri May 24 18:01:18 MDT 2019
# Start of session at: Tue May 11 12:07:38 2021
# Process ID: 324
# Current directory: C:/Users/Jonathan/Downloads/Vivado2018.2_project_file/morse_code_encoder
# Command line: vivado.exe -gui_launcher_event rodinguilauncherevent19788 C:\Users\Jonathan\Downloads\Vivado2018.2_project_file\morse_code_encoder\morse_code_encoder.xpr
# Log file: C:/Users/Jonathan/Downloads/Vivado2018.2_project_file/morse_code_encoder/vivado.log
# Journal file: C:/Users/Jonathan/Downloads/Vivado2018.2_project_file/morse_code_encoder\vivado.jou
#-----------------------------------------------------------
start_gui
open_project C:/Users/Jonathan/Downloads/Vivado2018.2_project_file/morse_code_encoder/morse_code_encoder.xpr
INFO: [Project 1-313] Project file moved from 'C:/Users/klu/Desktop/morse_code_encoder' since last save.
Scanning sources...
Finished scanning sources
WARNING: [filemgmt 56-2] IPUserFilesDir: Could not find the directory 'C:/Users/Jonathan/Downloads/Vivado2018.2_project_file/morse_code_encoder/morse_code_encoder.ip_user_files', nor could it be found using path 'C:/Users/klu/Desktop/morse_code_encoder/morse_code_encoder.ip_user_files'.
INFO: [Project 1-230] Project 'morse_code_encoder.xpr' upgraded for this version of Vivado.
INFO: [IP_Flow 19-234] Refreshing IP repositories
INFO: [IP_Flow 19-1704] No user IP repositories specified
INFO: [IP_Flow 19-2313] Loaded Vivado IP repository 'E:/Xilinx/Vivado/2019.1/data/ip'.
open_project: Time (s): cpu = 00:00:13 ; elapsed = 00:00:06 . Memory (MB): peak = 808.551 ; gain = 122.496
update_compile_order -fileset sources_1
close [ open C:/Users/Jonathan/Downloads/Vivado2018.2_project_file/morse_code_encoder/morse_code_encoder.srcs/sources_1/new/uartRX.v w ]
add_files C:/Users/Jonathan/Downloads/Vivado2018.2_project_file/morse_code_encoder/morse_code_encoder.srcs/sources_1/new/uartRX.v
update_compile_order -fileset sources_1
set_property top uartRX [current_fileset]
update_compile_order -fileset sources_1
exit
INFO: [Common 17-206] Exiting Vivado at Tue May 11 12:32:18 2021...
