#-----------------------------------------------------------
# Vivado v2019.1 (64-bit)
# SW Build 2552052 on Fri May 24 14:49:42 MDT 2019
# IP Build 2548770 on Fri May 24 18:01:18 MDT 2019
# Start of session at: Wed May 12 09:38:15 2021
# Process ID: 29964
# Current directory: D:/OneDrive - ITESO/- Semestre 4/Fundamentos de Sistemas Digitales/sistemasDigitales/Morse Final
# Command line: vivado.exe -gui_launcher_event rodinguilauncherevent12300 D:\OneDrive - ITESO\- Semestre 4\Fundamentos de Sistemas Digitales\sistemasDigitales\Morse Final\morse_code_encoder.xpr
# Log file: D:/OneDrive - ITESO/- Semestre 4/Fundamentos de Sistemas Digitales/sistemasDigitales/Morse Final/vivado.log
# Journal file: D:/OneDrive - ITESO/- Semestre 4/Fundamentos de Sistemas Digitales/sistemasDigitales/Morse Final\vivado.jou
#-----------------------------------------------------------
start_gui
open_project {D:/OneDrive - ITESO/- Semestre 4/Fundamentos de Sistemas Digitales/sistemasDigitales/Morse Final/morse_code_encoder.xpr}
INFO: [ProjectBase 1-489] The host OS only allows 260 characters in a normal path. The project is stored in a path with more than 80 characters. If you experience issues with IP, Block Designs, or files not being found, please consider moving the project to a location with a shorter path. Alternately consider using the OS subst command to map part of the path to a drive letter.
Current project path is 'D:/OneDrive - ITESO/- Semestre 4/Fundamentos de Sistemas Digitales/sistemasDigitales/Morse Final'
INFO: [Project 1-313] Project file moved from 'C:/Users/Jonathan/Downloads/Vivado2018.2_project_file/morse_code_encoder' since last save.
Scanning sources...
Finished scanning sources
WARNING: [filemgmt 56-2] IPUserFilesDir: Could not find the directory 'D:/OneDrive - ITESO/- Semestre 4/Fundamentos de Sistemas Digitales/sistemasDigitales/Morse Final/morse_code_encoder.ip_user_files', nor could it be found using path 'C:/Users/Jonathan/Downloads/Vivado2018.2_project_file/morse_code_encoder/morse_code_encoder.ip_user_files'.
INFO: [IP_Flow 19-234] Refreshing IP repositories
INFO: [IP_Flow 19-1704] No user IP repositories specified
INFO: [IP_Flow 19-2313] Loaded Vivado IP repository 'E:/Xilinx/Vivado/2019.1/data/ip'.
open_project: Time (s): cpu = 00:00:14 ; elapsed = 00:00:07 . Memory (MB): peak = 1052.297 ; gain = 131.719
update_compile_order -fileset sources_1
exit
INFO: [Common 17-206] Exiting Vivado at Wed May 12 09:40:15 2021...
