#-----------------------------------------------------------
# Vivado v2019.1 (64-bit)
# SW Build 2552052 on Fri May 24 14:49:42 MDT 2019
# IP Build 2548770 on Fri May 24 18:01:18 MDT 2019
# Start of session at: Wed May 12 08:45:42 2021
# Process ID: 31552
# Current directory: C:/Users/Jonathan/Downloads/Vivado2018.2_project_file/morse_code_encoder
# Command line: vivado.exe -gui_launcher_event rodinguilauncherevent6088 C:\Users\Jonathan\Downloads\Vivado2018.2_project_file\morse_code_encoder\morse_code_encoder.xpr
# Log file: C:/Users/Jonathan/Downloads/Vivado2018.2_project_file/morse_code_encoder/vivado.log
# Journal file: C:/Users/Jonathan/Downloads/Vivado2018.2_project_file/morse_code_encoder\vivado.jou
#-----------------------------------------------------------
start_gui
open_project C:/Users/Jonathan/Downloads/Vivado2018.2_project_file/morse_code_encoder/morse_code_encoder.xpr
Scanning sources...
Finished scanning sources
WARNING: [filemgmt 56-3] IPUserFilesDir: Could not find the directory 'C:/Users/Jonathan/Downloads/Vivado2018.2_project_file/morse_code_encoder/morse_code_encoder.ip_user_files'.
INFO: [IP_Flow 19-234] Refreshing IP repositories
INFO: [IP_Flow 19-1704] No user IP repositories specified
INFO: [IP_Flow 19-2313] Loaded Vivado IP repository 'E:/Xilinx/Vivado/2019.1/data/ip'.
open_project: Time (s): cpu = 00:00:13 ; elapsed = 00:00:06 . Memory (MB): peak = 808.320 ; gain = 124.117
update_compile_order -fileset sources_1
reset_run synth_1
launch_runs synth_1 -jobs 16
[Wed May 12 08:50:52 2021] Launched synth_1...
Run output will be captured here: C:/Users/Jonathan/Downloads/Vivado2018.2_project_file/morse_code_encoder/morse_code_encoder.runs/synth_1/runme.log
reset_run synth_1
launch_runs synth_1 -jobs 16
[Wed May 12 08:57:39 2021] Launched synth_1...
Run output will be captured here: C:/Users/Jonathan/Downloads/Vivado2018.2_project_file/morse_code_encoder/morse_code_encoder.runs/synth_1/runme.log
launch_runs impl_1 -jobs 16
[Wed May 12 08:58:29 2021] Launched impl_1...
Run output will be captured here: C:/Users/Jonathan/Downloads/Vivado2018.2_project_file/morse_code_encoder/morse_code_encoder.runs/impl_1/runme.log
launch_runs impl_1 -to_step write_bitstream -jobs 16
[Wed May 12 08:59:47 2021] Launched impl_1...
Run output will be captured here: C:/Users/Jonathan/Downloads/Vivado2018.2_project_file/morse_code_encoder/morse_code_encoder.runs/impl_1/runme.log
close [ open C:/Users/Jonathan/Downloads/Vivado2018.2_project_file/morse_code_encoder/morse_code_encoder.srcs/sources_1/new/uartRXBasys3.v w ]
add_files C:/Users/Jonathan/Downloads/Vivado2018.2_project_file/morse_code_encoder/morse_code_encoder.srcs/sources_1/new/uartRXBasys3.v
update_compile_order -fileset sources_1
set_property top uartRXBasys3 [current_fileset]
update_compile_order -fileset sources_1
update_compile_order -fileset sources_1
close [ open C:/Users/Jonathan/Downloads/Vivado2018.2_project_file/morse_code_encoder/morse_code_encoder.srcs/sources_1/new/countCompare.v w ]
add_files C:/Users/Jonathan/Downloads/Vivado2018.2_project_file/morse_code_encoder/morse_code_encoder.srcs/sources_1/new/countCompare.v
update_compile_order -fileset sources_1
update_compile_order -fileset sources_1
update_compile_order -fileset sources_1
reset_run synth_1
launch_runs impl_1 -to_step write_bitstream -jobs 16
[Wed May 12 09:08:52 2021] Launched synth_1...
Run output will be captured here: C:/Users/Jonathan/Downloads/Vivado2018.2_project_file/morse_code_encoder/morse_code_encoder.runs/synth_1/runme.log
[Wed May 12 09:08:52 2021] Launched impl_1...
Run output will be captured here: C:/Users/Jonathan/Downloads/Vivado2018.2_project_file/morse_code_encoder/morse_code_encoder.runs/impl_1/runme.log
reset_run synth_1
launch_runs impl_1 -to_step write_bitstream -jobs 16
[Wed May 12 09:11:24 2021] Launched synth_1...
Run output will be captured here: C:/Users/Jonathan/Downloads/Vivado2018.2_project_file/morse_code_encoder/morse_code_encoder.runs/synth_1/runme.log
[Wed May 12 09:11:24 2021] Launched impl_1...
Run output will be captured here: C:/Users/Jonathan/Downloads/Vivado2018.2_project_file/morse_code_encoder/morse_code_encoder.runs/impl_1/runme.log
reset_run synth_1
launch_runs impl_1 -to_step write_bitstream -jobs 16
[Wed May 12 09:18:24 2021] Launched synth_1...
Run output will be captured here: C:/Users/Jonathan/Downloads/Vivado2018.2_project_file/morse_code_encoder/morse_code_encoder.runs/synth_1/runme.log
[Wed May 12 09:18:24 2021] Launched impl_1...
Run output will be captured here: C:/Users/Jonathan/Downloads/Vivado2018.2_project_file/morse_code_encoder/morse_code_encoder.runs/impl_1/runme.log
reset_run impl_1
WARNING: [Vivado 12-1017] Problems encountered:
1. Process appears to be on host 'DESKTOP-REPUBLI' and cannot be killed from host 'DESKTOP-REPUBLIC'

reset_run synth_1
launch_runs impl_1 -to_step write_bitstream -jobs 16
[Wed May 12 09:19:59 2021] Launched synth_1...
Run output will be captured here: C:/Users/Jonathan/Downloads/Vivado2018.2_project_file/morse_code_encoder/morse_code_encoder.runs/synth_1/runme.log
[Wed May 12 09:19:59 2021] Launched impl_1...
Run output will be captured here: C:/Users/Jonathan/Downloads/Vivado2018.2_project_file/morse_code_encoder/morse_code_encoder.runs/impl_1/runme.log
open_run impl_1
INFO: [Device 21-403] Loading part xc7a35tcpg236-1
INFO: [Netlist 29-17] Analyzing 4 Unisim elements for replacement
INFO: [Netlist 29-28] Unisim Transformation completed in 0 CPU seconds
INFO: [Project 1-479] Netlist was created with Vivado 2019.1
INFO: [Project 1-570] Preparing netlist for logic optimization
INFO: [Timing 38-478] Restoring timing data from binary archive.
INFO: [Common 17-41] Interrupt caught. Command should exit soon.
INFO: [Timing 38-479] Binary timing data restore complete.
INFO: [Project 1-856] Restoring constraints from binary archive.
INFO: [Project 1-853] Binary constraint restore complete.
Reading XDEF placement.
Reading placer database...
Reading XDEF routing.
Restored from archive | CPU: 0.000000 secs | Memory: 0.000000 MB |
Finished XDEF File Restore: Time (s): cpu = 00:00:00 ; elapsed = 00:00:00.013 . Memory (MB): peak = 1989.969 ; gain = 0.000
open_run: Time (s): cpu = 00:00:19 ; elapsed = 00:00:19 . Memory (MB): peak = 1989.969 ; gain = 0.000
INFO: [Common 17-344] 'open_run' was cancelled
open_hw
connect_hw_server
INFO: [Labtools 27-2285] Connecting to hw_server url TCP:localhost:3121
INFO: [Labtools 27-2222] Launching hw_server...
INFO: [Labtools 27-2221] Launch Output:

****** Xilinx hw_server v2019.1
  **** Build date : May 24 2019 at 15:13:31
    ** Copyright 1986-2019 Xilinx, Inc. All Rights Reserved.


connect_hw_server: Time (s): cpu = 00:00:00 ; elapsed = 00:00:09 . Memory (MB): peak = 1989.969 ; gain = 0.000
open_hw_target
INFO: [Labtoolstcl 44-466] Opening hw_target localhost:3121/xilinx_tcf/Digilent/210183AF2DD1A
set_property PROGRAM.FILE {C:/Users/Jonathan/Downloads/Vivado2018.2_project_file/morse_code_encoder/morse_code_encoder.runs/impl_1/uartRXBasys3.bit} [get_hw_devices xc7a35t_0]
current_hw_device [get_hw_devices xc7a35t_0]
refresh_hw_device -update_hw_probes false [lindex [get_hw_devices xc7a35t_0] 0]
INFO: [Labtools 27-1434] Device xc7a35t (JTAG device index = 0) is programmed with a design that has no supported debug core(s) in it.
set_property PROBES.FILE {} [get_hw_devices xc7a35t_0]
set_property FULL_PROBES.FILE {} [get_hw_devices xc7a35t_0]
set_property PROGRAM.FILE {C:/Users/Jonathan/Downloads/Vivado2018.2_project_file/morse_code_encoder/morse_code_encoder.runs/impl_1/uartRXBasys3.bit} [get_hw_devices xc7a35t_0]
program_hw_devices [get_hw_devices xc7a35t_0]
INFO: [Labtools 27-3164] End of startup status: HIGH
refresh_hw_device [lindex [get_hw_devices xc7a35t_0] 0]
INFO: [Labtools 27-1434] Device xc7a35t (JTAG device index = 0) is programmed with a design that has no supported debug core(s) in it.
set_property PROBES.FILE {} [get_hw_devices xc7a35t_0]
set_property FULL_PROBES.FILE {} [get_hw_devices xc7a35t_0]
set_property PROGRAM.FILE {C:/Users/Jonathan/Downloads/Vivado2018.2_project_file/morse_code_encoder/morse_code_encoder.runs/impl_1/uartRXBasys3.bit} [get_hw_devices xc7a35t_0]
program_hw_devices [get_hw_devices xc7a35t_0]
INFO: [Labtools 27-3164] End of startup status: HIGH
refresh_hw_device [lindex [get_hw_devices xc7a35t_0] 0]
INFO: [Labtools 27-1434] Device xc7a35t (JTAG device index = 0) is programmed with a design that has no supported debug core(s) in it.
exit
INFO: [Common 17-206] Exiting Vivado at Wed May 12 09:34:43 2021...
