#-----------------------------------------------------------
# Vivado v2019.1 (64-bit)
# SW Build 2552052 on Fri May 24 14:49:42 MDT 2019
# IP Build 2548770 on Fri May 24 18:01:18 MDT 2019
# Start of session at: Wed May 12 08:34:52 2021
# Process ID: 21796
# Current directory: C:/Users/Jonathan/Downloads/Vivado2018.2_project_file/morse_code_encoder
# Command line: vivado.exe -gui_launcher_event rodinguilauncherevent3768 C:\Users\Jonathan\Downloads\Vivado2018.2_project_file\morse_code_encoder\morse_code_encoder.xpr
# Log file: C:/Users/Jonathan/Downloads/Vivado2018.2_project_file/morse_code_encoder/vivado.log
# Journal file: C:/Users/Jonathan/Downloads/Vivado2018.2_project_file/morse_code_encoder\vivado.jou
#-----------------------------------------------------------
start_gui
open_project C:/Users/Jonathan/Downloads/Vivado2018.2_project_file/morse_code_encoder/morse_code_encoder.xpr
Scanning sources...
Finished scanning sources
WARNING: [filemgmt 56-3] IPUserFilesDir: Could not find the directory 'C:/Users/Jonathan/Downloads/Vivado2018.2_project_file/morse_code_encoder/morse_code_encoder.ip_user_files'.
INFO: [IP_Flow 19-234] Refreshing IP repositories
INFO: [IP_Flow 19-1704] No user IP repositories specified
INFO: [IP_Flow 19-2313] Loaded Vivado IP repository 'E:/Xilinx/Vivado/2019.1/data/ip'.
open_project: Time (s): cpu = 00:00:11 ; elapsed = 00:00:20 . Memory (MB): peak = 784.406 ; gain = 108.316
update_compile_order -fileset sources_1
exit
INFO: [Common 17-206] Exiting Vivado at Wed May 12 08:39:46 2021...
