
*** Running vivado
    with args -log uartRXBasys3.vds -m64 -product Vivado -mode batch -messageDb vivado.pb -notrace -source uartRXBasys3.tcl


****** Vivado v2019.1 (64-bit)
  **** SW Build 2552052 on Fri May 24 14:49:42 MDT 2019
  **** IP Build 2548770 on Fri May 24 18:01:18 MDT 2019
    ** Copyright 1986-2019 Xilinx, Inc. All Rights Reserved.

source uartRXBasys3.tcl -notrace
Command: synth_design -top uartRXBasys3 -part xc7a35tcpg236-1
Starting synth_design
Attempting to get a license for feature 'Synthesis' and/or device 'xc7a35t'
INFO: [Common 17-349] Got license for feature 'Synthesis' and/or device 'xc7a35t'
INFO: [Device 21-403] Loading part xc7a35tcpg236-1
INFO: Launching helper process for spawning children vivado processes
INFO: Helper process launched with PID 24808 
---------------------------------------------------------------------------------
Starting RTL Elaboration : Time (s): cpu = 00:00:04 ; elapsed = 00:00:04 . Memory (MB): peak = 792.473 ; gain = 177.094
---------------------------------------------------------------------------------
INFO: [Synth 8-6157] synthesizing module 'uartRXBasys3' [D:/OneDrive - ITESO/- Semestre 4/Fundamentos de Sistemas Digitales/sistemasDigitales/Morse Final/morse_code_encoder.srcs/sources_1/new/uartRXBasys3.v:23]
	Parameter NBITS_COMPARE bound to: 26 - type: integer 
	Parameter COMPARE bound to: 100000 - type: integer 
INFO: [Synth 8-6157] synthesizing module 'uartRX' [D:/OneDrive - ITESO/- Semestre 4/Fundamentos de Sistemas Digitales/sistemasDigitales/Morse Final/morse_code_encoder.srcs/sources_1/new/uartRX.v:23]
	Parameter CLKCOUNTER bound to: 10417 - type: integer 
	Parameter NBITS_COUNTER bound to: 14 - type: integer 
	Parameter IDLE bound to: 3'b000 
	Parameter RX_START bound to: 3'b001 
	Parameter RX_DATA bound to: 3'b011 
	Parameter RX_STOP bound to: 3'b010 
	Parameter DONE bound to: 3'b110 
INFO: [Synth 8-6155] done synthesizing module 'uartRX' (1#1) [D:/OneDrive - ITESO/- Semestre 4/Fundamentos de Sistemas Digitales/sistemasDigitales/Morse Final/morse_code_encoder.srcs/sources_1/new/uartRX.v:23]
INFO: [Synth 8-6157] synthesizing module 'countCompare' [D:/OneDrive - ITESO/- Semestre 4/Fundamentos de Sistemas Digitales/sistemasDigitales/Morse Final/morse_code_encoder.srcs/sources_1/new/countCompare.v:23]
	Parameter NBITS bound to: 26 - type: integer 
INFO: [Synth 8-6155] done synthesizing module 'countCompare' (2#1) [D:/OneDrive - ITESO/- Semestre 4/Fundamentos de Sistemas Digitales/sistemasDigitales/Morse Final/morse_code_encoder.srcs/sources_1/new/countCompare.v:23]
INFO: [Synth 8-6157] synthesizing module 'morse_encoder' [D:/OneDrive - ITESO/- Semestre 4/Fundamentos de Sistemas Digitales/sistemasDigitales/Morse Final/morse_code_encoder.srcs/sources_1/new/morse_encoder.v:3]
INFO: [Synth 8-6155] done synthesizing module 'morse_encoder' (3#1) [D:/OneDrive - ITESO/- Semestre 4/Fundamentos de Sistemas Digitales/sistemasDigitales/Morse Final/morse_code_encoder.srcs/sources_1/new/morse_encoder.v:3]
WARNING: [Synth 8-6014] Unused sequential element selDispTrans_reg was removed.  [D:/OneDrive - ITESO/- Semestre 4/Fundamentos de Sistemas Digitales/sistemasDigitales/Morse Final/morse_code_encoder.srcs/sources_1/new/uartRXBasys3.v:73]
INFO: [Synth 8-6155] done synthesizing module 'uartRXBasys3' (4#1) [D:/OneDrive - ITESO/- Semestre 4/Fundamentos de Sistemas Digitales/sistemasDigitales/Morse Final/morse_code_encoder.srcs/sources_1/new/uartRXBasys3.v:23]
WARNING: [Synth 8-3917] design uartRXBasys3 has port an[3] driven by constant 1
WARNING: [Synth 8-3917] design uartRXBasys3 has port an[2] driven by constant 1
WARNING: [Synth 8-3917] design uartRXBasys3 has port an[1] driven by constant 1
WARNING: [Synth 8-3917] design uartRXBasys3 has port an[0] driven by constant 0
---------------------------------------------------------------------------------
Finished RTL Elaboration : Time (s): cpu = 00:00:05 ; elapsed = 00:00:05 . Memory (MB): peak = 856.512 ; gain = 241.133
---------------------------------------------------------------------------------

Report Check Netlist: 
+------+------------------+-------+---------+-------+------------------+
|      |Item              |Errors |Warnings |Status |Description       |
+------+------------------+-------+---------+-------+------------------+
|1     |multi_driven_nets |      0|        0|Passed |Multi driven nets |
+------+------------------+-------+---------+-------+------------------+
---------------------------------------------------------------------------------
Start Handling Custom Attributes
---------------------------------------------------------------------------------
---------------------------------------------------------------------------------
Finished Handling Custom Attributes : Time (s): cpu = 00:00:05 ; elapsed = 00:00:06 . Memory (MB): peak = 856.512 ; gain = 241.133
---------------------------------------------------------------------------------
---------------------------------------------------------------------------------
Finished RTL Optimization Phase 1 : Time (s): cpu = 00:00:05 ; elapsed = 00:00:06 . Memory (MB): peak = 856.512 ; gain = 241.133
---------------------------------------------------------------------------------
INFO: [Project 1-570] Preparing netlist for logic optimization

Processing XDC Constraints
Initializing timing engine
Parsing XDC File [D:/OneDrive - ITESO/- Semestre 4/Fundamentos de Sistemas Digitales/sistemasDigitales/Morse Final/morse_code_encoder.srcs/constrs_1/new/PINS.xdc]
Finished Parsing XDC File [D:/OneDrive - ITESO/- Semestre 4/Fundamentos de Sistemas Digitales/sistemasDigitales/Morse Final/morse_code_encoder.srcs/constrs_1/new/PINS.xdc]
INFO: [Project 1-236] Implementation specific constraints were found while reading constraint file [D:/OneDrive - ITESO/- Semestre 4/Fundamentos de Sistemas Digitales/sistemasDigitales/Morse Final/morse_code_encoder.srcs/constrs_1/new/PINS.xdc]. These constraints will be ignored for synthesis but will be used in implementation. Impacted constraints are listed in the file [.Xil/uartRXBasys3_propImpl.xdc].
Resolution: To avoid this warning, move constraints listed in [.Xil/uartRXBasys3_propImpl.xdc] to another XDC file and exclude this new file from synthesis with the used_in_synthesis property (File Properties dialog in GUI) and re-run elaboration/synthesis.
Completed Processing XDC Constraints

Netlist sorting complete. Time (s): cpu = 00:00:00 ; elapsed = 00:00:00 . Memory (MB): peak = 973.715 ; gain = 0.000
INFO: [Project 1-111] Unisim Transformation Summary:
No Unisim elements were transformed.

Constraint Validation Runtime : Time (s): cpu = 00:00:00 ; elapsed = 00:00:00.005 . Memory (MB): peak = 973.715 ; gain = 0.000
---------------------------------------------------------------------------------
Finished Constraint Validation : Time (s): cpu = 00:00:12 ; elapsed = 00:00:12 . Memory (MB): peak = 973.715 ; gain = 358.336
---------------------------------------------------------------------------------
---------------------------------------------------------------------------------
Start Loading Part and Timing Information
---------------------------------------------------------------------------------
Loading part: xc7a35tcpg236-1
---------------------------------------------------------------------------------
Finished Loading Part and Timing Information : Time (s): cpu = 00:00:12 ; elapsed = 00:00:12 . Memory (MB): peak = 973.715 ; gain = 358.336
---------------------------------------------------------------------------------
---------------------------------------------------------------------------------
Start Applying 'set_property' XDC Constraints
---------------------------------------------------------------------------------
---------------------------------------------------------------------------------
Finished applying 'set_property' XDC Constraints : Time (s): cpu = 00:00:12 ; elapsed = 00:00:12 . Memory (MB): peak = 973.715 ; gain = 358.336
---------------------------------------------------------------------------------
INFO: [Synth 8-802] inferred FSM for state register 'rState_reg' in module 'uartRX'
---------------------------------------------------------------------------------------------------
                   State |                     New Encoding |                Previous Encoding 
---------------------------------------------------------------------------------------------------
                    IDLE |                              000 |                              000
                RX_START |                              001 |                              001
                 RX_DATA |                              010 |                              011
                 RX_STOP |                              011 |                              010
                    DONE |                              100 |                              110
---------------------------------------------------------------------------------------------------
INFO: [Synth 8-3354] encoded FSM with state register 'rState_reg' using encoding 'sequential' in module 'uartRX'
---------------------------------------------------------------------------------
Finished RTL Optimization Phase 2 : Time (s): cpu = 00:00:12 ; elapsed = 00:00:13 . Memory (MB): peak = 973.715 ; gain = 358.336
---------------------------------------------------------------------------------

Report RTL Partitions: 
+-+--------------+------------+----------+
| |RTL Partition |Replication |Instances |
+-+--------------+------------+----------+
+-+--------------+------------+----------+
---------------------------------------------------------------------------------
Start RTL Component Statistics 
---------------------------------------------------------------------------------
Detailed RTL Component Info : 
+---Adders : 
	   2 Input     14 Bit       Adders := 1     
	   2 Input      3 Bit       Adders := 1     
+---Registers : 
	               14 Bit    Registers := 1     
	                8 Bit    Registers := 2     
	                3 Bit    Registers := 1     
+---Muxes : 
	   2 Input     14 Bit        Muxes := 1     
	   5 Input     14 Bit        Muxes := 1     
	   2 Input      8 Bit        Muxes := 1     
	   5 Input      8 Bit        Muxes := 2     
	   2 Input      3 Bit        Muxes := 8     
	   5 Input      3 Bit        Muxes := 2     
	   2 Input      1 Bit        Muxes := 2     
	   5 Input      1 Bit        Muxes := 6     
---------------------------------------------------------------------------------
Finished RTL Component Statistics 
---------------------------------------------------------------------------------
---------------------------------------------------------------------------------
Start RTL Hierarchical Component Statistics 
---------------------------------------------------------------------------------
Hierarchical RTL Component report 
Module uartRX 
Detailed RTL Component Info : 
+---Adders : 
	   2 Input     14 Bit       Adders := 1     
	   2 Input      3 Bit       Adders := 1     
+---Registers : 
	               14 Bit    Registers := 1     
	                8 Bit    Registers := 2     
	                3 Bit    Registers := 1     
+---Muxes : 
	   2 Input     14 Bit        Muxes := 1     
	   5 Input     14 Bit        Muxes := 1     
	   2 Input      8 Bit        Muxes := 1     
	   5 Input      8 Bit        Muxes := 2     
	   2 Input      3 Bit        Muxes := 8     
	   5 Input      3 Bit        Muxes := 2     
	   2 Input      1 Bit        Muxes := 2     
	   5 Input      1 Bit        Muxes := 6     
---------------------------------------------------------------------------------
Finished RTL Hierarchical Component Statistics
---------------------------------------------------------------------------------
---------------------------------------------------------------------------------
Start Part Resource Summary
---------------------------------------------------------------------------------
Part Resources:
DSPs: 90 (col length:60)
BRAMs: 100 (col length: RAMB18 60 RAMB36 30)
---------------------------------------------------------------------------------
Finished Part Resource Summary
---------------------------------------------------------------------------------
---------------------------------------------------------------------------------
Start Cross Boundary and Area Optimization
---------------------------------------------------------------------------------
Warning: Parallel synthesis criteria is not met 
WARNING: [Synth 8-3917] design uartRXBasys3 has port an[3] driven by constant 1
WARNING: [Synth 8-3917] design uartRXBasys3 has port an[2] driven by constant 1
WARNING: [Synth 8-3917] design uartRXBasys3 has port an[1] driven by constant 1
WARNING: [Synth 8-3917] design uartRXBasys3 has port an[0] driven by constant 0
WARNING: [Synth 8-3331] design uartRXBasys3 has unconnected port led[9]
WARNING: [Synth 8-3331] design uartRXBasys3 has unconnected port led[8]
WARNING: [Synth 8-3331] design uartRXBasys3 has unconnected port led[7]
WARNING: [Synth 8-3331] design uartRXBasys3 has unconnected port led[6]
WARNING: [Synth 8-3331] design uartRXBasys3 has unconnected port led[5]
WARNING: [Synth 8-3331] design uartRXBasys3 has unconnected port led[4]
WARNING: [Synth 8-3331] design uartRXBasys3 has unconnected port led[3]
WARNING: [Synth 8-3331] design uartRXBasys3 has unconnected port led[2]
---------------------------------------------------------------------------------
Finished Cross Boundary and Area Optimization : Time (s): cpu = 00:00:14 ; elapsed = 00:00:14 . Memory (MB): peak = 973.715 ; gain = 358.336
---------------------------------------------------------------------------------
---------------------------------------------------------------------------------
Start ROM, RAM, DSP and Shift Register Reporting
---------------------------------------------------------------------------------

ROM:
+--------------+------------+---------------+----------------+
|Module Name   | RTL Object | Depth x Width | Implemented As | 
+--------------+------------+---------------+----------------+
|morse_encoder | p_0_out    | 256x7         | LUT            | 
|morse_encoder | p_0_out    | 256x6         | LUT            | 
|uartRXBasys3  | p_0_out    | 256x6         | LUT            | 
+--------------+------------+---------------+----------------+

---------------------------------------------------------------------------------
Finished ROM, RAM, DSP and Shift Register Reporting
---------------------------------------------------------------------------------

Report RTL Partitions: 
+-+--------------+------------+----------+
| |RTL Partition |Replication |Instances |
+-+--------------+------------+----------+
+-+--------------+------------+----------+
---------------------------------------------------------------------------------
Start Applying XDC Timing Constraints
---------------------------------------------------------------------------------
---------------------------------------------------------------------------------
Finished Applying XDC Timing Constraints : Time (s): cpu = 00:00:23 ; elapsed = 00:00:23 . Memory (MB): peak = 973.715 ; gain = 358.336
---------------------------------------------------------------------------------
---------------------------------------------------------------------------------
Start Timing Optimization
---------------------------------------------------------------------------------
---------------------------------------------------------------------------------
Finished Timing Optimization : Time (s): cpu = 00:00:23 ; elapsed = 00:00:23 . Memory (MB): peak = 973.715 ; gain = 358.336
---------------------------------------------------------------------------------

Report RTL Partitions: 
+-+--------------+------------+----------+
| |RTL Partition |Replication |Instances |
+-+--------------+------------+----------+
+-+--------------+------------+----------+
---------------------------------------------------------------------------------
Start Technology Mapping
---------------------------------------------------------------------------------
---------------------------------------------------------------------------------
Finished Technology Mapping : Time (s): cpu = 00:00:23 ; elapsed = 00:00:23 . Memory (MB): peak = 973.715 ; gain = 358.336
---------------------------------------------------------------------------------

Report RTL Partitions: 
+-+--------------+------------+----------+
| |RTL Partition |Replication |Instances |
+-+--------------+------------+----------+
+-+--------------+------------+----------+
---------------------------------------------------------------------------------
Start IO Insertion
---------------------------------------------------------------------------------
---------------------------------------------------------------------------------
Start Flattening Before IO Insertion
---------------------------------------------------------------------------------
---------------------------------------------------------------------------------
Finished Flattening Before IO Insertion
---------------------------------------------------------------------------------
---------------------------------------------------------------------------------
Start Final Netlist Cleanup
---------------------------------------------------------------------------------
---------------------------------------------------------------------------------
Finished Final Netlist Cleanup
---------------------------------------------------------------------------------
---------------------------------------------------------------------------------
Finished IO Insertion : Time (s): cpu = 00:00:25 ; elapsed = 00:00:26 . Memory (MB): peak = 978.777 ; gain = 363.398
---------------------------------------------------------------------------------

Report Check Netlist: 
+------+------------------+-------+---------+-------+------------------+
|      |Item              |Errors |Warnings |Status |Description       |
+------+------------------+-------+---------+-------+------------------+
|1     |multi_driven_nets |      0|        0|Passed |Multi driven nets |
+------+------------------+-------+---------+-------+------------------+
---------------------------------------------------------------------------------
Start Renaming Generated Instances
---------------------------------------------------------------------------------
---------------------------------------------------------------------------------
Finished Renaming Generated Instances : Time (s): cpu = 00:00:25 ; elapsed = 00:00:26 . Memory (MB): peak = 978.777 ; gain = 363.398
---------------------------------------------------------------------------------

Report RTL Partitions: 
+-+--------------+------------+----------+
| |RTL Partition |Replication |Instances |
+-+--------------+------------+----------+
+-+--------------+------------+----------+
---------------------------------------------------------------------------------
Start Rebuilding User Hierarchy
---------------------------------------------------------------------------------
---------------------------------------------------------------------------------
Finished Rebuilding User Hierarchy : Time (s): cpu = 00:00:25 ; elapsed = 00:00:26 . Memory (MB): peak = 978.777 ; gain = 363.398
---------------------------------------------------------------------------------
---------------------------------------------------------------------------------
Start Renaming Generated Ports
---------------------------------------------------------------------------------
---------------------------------------------------------------------------------
Finished Renaming Generated Ports : Time (s): cpu = 00:00:25 ; elapsed = 00:00:26 . Memory (MB): peak = 978.777 ; gain = 363.398
---------------------------------------------------------------------------------
---------------------------------------------------------------------------------
Start Handling Custom Attributes
---------------------------------------------------------------------------------
---------------------------------------------------------------------------------
Finished Handling Custom Attributes : Time (s): cpu = 00:00:25 ; elapsed = 00:00:26 . Memory (MB): peak = 978.777 ; gain = 363.398
---------------------------------------------------------------------------------
---------------------------------------------------------------------------------
Start Renaming Generated Nets
---------------------------------------------------------------------------------
---------------------------------------------------------------------------------
Finished Renaming Generated Nets : Time (s): cpu = 00:00:25 ; elapsed = 00:00:26 . Memory (MB): peak = 978.777 ; gain = 363.398
---------------------------------------------------------------------------------
---------------------------------------------------------------------------------
Start Writing Synthesis Report
---------------------------------------------------------------------------------

Report BlackBoxes: 
+-+--------------+----------+
| |BlackBox name |Instances |
+-+--------------+----------+
+-+--------------+----------+

Report Cell Usage: 
+------+-------+------+
|      |Cell   |Count |
+------+-------+------+
|1     |BUFG   |     1|
|2     |CARRY4 |     4|
|3     |LUT1   |     1|
|4     |LUT2   |     6|
|5     |LUT3   |    18|
|6     |LUT4   |     5|
|7     |LUT5   |    17|
|8     |LUT6   |    29|
|9     |FDCE   |    44|
|10    |IBUF   |     3|
|11    |OBUF   |    19|
|12    |OBUFT  |     8|
+------+-------+------+

Report Instance Areas: 
+------+---------+-------+------+
|      |Instance |Module |Cells |
+------+---------+-------+------+
|1     |top      |       |   155|
|2     |  UART   |uartRX |   124|
+------+---------+-------+------+
---------------------------------------------------------------------------------
Finished Writing Synthesis Report : Time (s): cpu = 00:00:25 ; elapsed = 00:00:26 . Memory (MB): peak = 978.777 ; gain = 363.398
---------------------------------------------------------------------------------
Synthesis finished with 0 errors, 0 critical warnings and 12 warnings.
Synthesis Optimization Runtime : Time (s): cpu = 00:00:17 ; elapsed = 00:00:24 . Memory (MB): peak = 978.777 ; gain = 246.195
Synthesis Optimization Complete : Time (s): cpu = 00:00:25 ; elapsed = 00:00:26 . Memory (MB): peak = 978.777 ; gain = 363.398
INFO: [Project 1-571] Translating synthesized netlist
INFO: [Netlist 29-17] Analyzing 4 Unisim elements for replacement
INFO: [Netlist 29-28] Unisim Transformation completed in 0 CPU seconds
INFO: [Project 1-570] Preparing netlist for logic optimization
INFO: [Opt 31-138] Pushed 0 inverter(s) to 0 load pin(s).
Netlist sorting complete. Time (s): cpu = 00:00:00 ; elapsed = 00:00:00 . Memory (MB): peak = 992.508 ; gain = 0.000
INFO: [Project 1-111] Unisim Transformation Summary:
No Unisim elements were transformed.

INFO: [Common 17-83] Releasing license: Synthesis
22 Infos, 17 Warnings, 0 Critical Warnings and 0 Errors encountered.
synth_design completed successfully
synth_design: Time (s): cpu = 00:00:31 ; elapsed = 00:00:33 . Memory (MB): peak = 992.508 ; gain = 638.227
Netlist sorting complete. Time (s): cpu = 00:00:00 ; elapsed = 00:00:00 . Memory (MB): peak = 992.508 ; gain = 0.000
WARNING: [Constraints 18-5210] No constraints selected for write.
Resolution: This message can indicate that there are no constraints for the design, or it can indicate that the used_in flags are set such that the constraints are ignored. This later case is used when running synth_design to not write synthesis constraints to the resulting checkpoint. Instead, project constraints are read when the synthesized design is opened.
INFO: [Common 17-1381] The checkpoint 'D:/OneDrive - ITESO/- Semestre 4/Fundamentos de Sistemas Digitales/sistemasDigitales/Morse Final/morse_code_encoder.runs/synth_1/uartRXBasys3.dcp' has been generated.
INFO: [runtcl-4] Executing : report_utilization -file uartRXBasys3_utilization_synth.rpt -pb uartRXBasys3_utilization_synth.pb
INFO: [Common 17-206] Exiting Vivado at Thu May 13 13:11:35 2021...
